[[1;34mINFO[m] Scanning for projects...
[[1;34mINFO[m] 
[[1;34mINFO[m] [1m--------------------< [0;36mcom.brainfreezed:profitlense[0;1m >--------------------[m
[[1;34mINFO[m] [1mBuilding  0.0.1-SNAPSHOT[m
[[1;34mINFO[m] [1m--------------------------------[ jar ]---------------------------------[m
[[1;34mINFO[m] 
[[1;34mINFO[m] [1m--- [0;32mmaven-clean-plugin:3.5.0:clean[m [1m(default-clean)[m @ [36mprofitlense[0;1m ---[m
[[1;34mINFO[m] Deleting /home/amir/GitRepos/profitlense/target
[[1;34mINFO[m] 
[[1;34mINFO[m] [1m>>> [0;32mspring-boot-maven-plugin:4.0.6:run[m [1m(default-cli)[0;1m > [0;1mtest-compile[m @ [36mprofitlense[0;1m >>>[m
[[1;34mINFO[m] 
[[1;34mINFO[m] [1m--- [0;32mmaven-resources-plugin:3.3.1:resources[m [1m(default-resources)[m @ [36mprofitlense[0;1m ---[m
[[1;34mINFO[m] Copying 1 resource from src/main/resources to target/classes
[[1;34mINFO[m] Copying 0 resource from src/main/resources to target/classes
[[1;34mINFO[m] 
[[1;34mINFO[m] [1m--- [0;32mmaven-compiler-plugin:3.14.1:compile[m [1m(default-compile)[m @ [36mprofitlense[0;1m ---[m
[[1;34mINFO[m] Recompiling the module because of [1mchanged source code[m.
[[1;34mINFO[m] Compiling 17 source files with javac [debug parameters release 17] to target/classes
[[1;34mINFO[m] 
[[1;34mINFO[m] [1m--- [0;32mmaven-resources-plugin:3.3.1:testResources[m [1m(default-testResources)[m @ [36mprofitlense[0;1m ---[m
[[1;34mINFO[m] skip non existing resourceDirectory /home/amir/GitRepos/profitlense/src/test/resources
[[1;34mINFO[m] 
[[1;34mINFO[m] [1m--- [0;32mmaven-compiler-plugin:3.14.1:testCompile[m [1m(default-testCompile)[m @ [36mprofitlense[0;1m ---[m
[[1;34mINFO[m] Recompiling the module because of [1mchanged dependency[m.
[[1;34mINFO[m] Compiling 1 source file with javac [debug parameters release 17] to target/test-classes
[[1;34mINFO[m] 
[[1;34mINFO[m] [1m<<< [0;32mspring-boot-maven-plugin:4.0.6:run[m [1m(default-cli)[0;1m < [0;1mtest-compile[m @ [36mprofitlense[0;1m <<<[m
[[1;34mINFO[m] 
[[1;34mINFO[m] 
[[1;34mINFO[m] [1m--- [0;32mspring-boot-maven-plugin:4.0.6:run[m [1m(default-cli)[m @ [36mprofitlense[0;1m ---[m
[[1;34mINFO[m] Attaching agents: []

  .   ____          _            __ _ _
 /\\ / ___'_ __ _ _(_)_ __  __ _ \ \ \ \
( ( )\___ | '_ | '_| | '_ \/ _` | \ \ \ \
 \\/  ___)| |_)| | | | | || (_| |  ) ) ) )
  '  |____| .__|_| |_|_| |_\__, | / / / /
 =========|_|==============|___/=/_/_/_/

 :: Spring Boot ::                (v4.0.6)

10:09:21.377 [main] INFO  c.b.p.ProfitlenseApplication - Starting ProfitlenseApplication using Java 21.0.11 with PID 68969 (/home/amir/GitRepos/profitlense/target/classes started by amir in /home/amir/GitRepos/profitlense)
10:09:21.379 [main] DEBUG c.b.p.ProfitlenseApplication - Running with Spring Boot v4.0.6, Spring v7.0.7
10:09:21.379 [main] INFO  c.b.p.ProfitlenseApplication - No active profile set, falling back to 1 default profile: "default"
10:09:21.805 [main] INFO  o.s.d.r.c.RepositoryConfigurationDelegate - Bootstrapping Spring Data JPA repositories in DEFAULT mode.
10:09:21.842 [main] INFO  o.s.d.r.c.RepositoryConfigurationDelegate - Finished Spring Data repository scanning in 31 ms. Found 5 JPA repository interfaces.
10:09:22.117 [main] INFO  o.s.boot.tomcat.TomcatWebServer - Tomcat initialized with port 8080 (http)
10:09:22.124 [main] INFO  o.a.catalina.core.StandardService - Starting service [Tomcat]
10:09:22.124 [main] INFO  o.a.catalina.core.StandardEngine - Starting Servlet engine: [Apache Tomcat/11.0.21]
10:09:22.152 [main] INFO  o.s.b.w.c.s.WebApplicationContextInitializer - Root WebApplicationContext: initialization completed in 737 ms
10:09:22.299 [main] INFO  org.hibernate.orm.jpa - HHH008540: Processing PersistenceUnitInfo [name: default]
10:09:22.325 [main] INFO  org.hibernate.orm.core - HHH000001: Hibernate ORM core version 7.2.12.Final
10:09:22.561 [main] INFO  o.s.o.j.p.SpringPersistenceUnitInfo - No LoadTimeWeaver setup: ignoring JPA class transformer
10:09:22.579 [main] INFO  com.zaxxer.hikari.HikariDataSource - HikariPool-1 - Starting...
10:09:23.946 [main] INFO  com.zaxxer.hikari.pool.HikariPool - HikariPool-1 - Added connection org.postgresql.jdbc.PgConnection@5c0272e0
10:09:23.946 [main] INFO  com.zaxxer.hikari.HikariDataSource - HikariPool-1 - Start completed.
10:09:24.122 [main] WARN  org.hibernate.orm.deprecation - HHH90000025: PostgreSQLDialect does not need to be specified explicitly using 'hibernate.dialect' (remove the property setting and it will be selected by default)
10:09:24.636 [main] INFO  o.hibernate.orm.connections.pooling - HHH10001005: Database info:
	Database JDBC URL [jdbc:postgresql://aws-1-ap-northeast-1.pooler.supabase.com:5432/postgres?sslmode=require]
	Database driver: PostgreSQL JDBC Driver
	Database dialect: PostgreSQLDialect
	Database version: 17.6
	Default catalog/schema: postgres/public
	Autocommit mode: undefined/unknown
	Isolation level: READ_COMMITTED [default READ_COMMITTED]
	JDBC fetch size: none
	Pool: DataSourceConnectionProvider
	Minimum pool size: undefined/unknown
	Maximum pool size: undefined/unknown
10:09:25.139 [main] INFO  org.hibernate.orm.core - HHH000489: No JTA platform available (set 'hibernate.transaction.jta.platform' to enable JTA platform integration)
10:09:25.141 [main] INFO  org.hibernate.orm.jdbc.batch - HHH100501: Automatic JDBC statement batching enabled (maximum batch size 20)
10:09:25.719 [main] INFO  o.s.o.j.LocalContainerEntityManagerFactoryBean - Initialized JPA EntityManagerFactory for persistence unit 'default'
10:09:25.765 [main] INFO  o.s.d.j.r.q.QueryEnhancerFactories - Hibernate is in classpath; If applicable, HQL parser will be used.
10:09:26.206 [main] WARN  o.s.b.j.a.JpaBaseConfiguration$JpaWebConfiguration - spring.jpa.open-in-view is enabled by default. Therefore, database queries may be performed during view rendering. Explicitly configure spring.jpa.open-in-view to disable this warning
10:09:26.445 [main] INFO  o.s.b.a.e.web.EndpointLinksResolver - Exposing 2 endpoints beneath base path '/actuator'
10:09:26.486 [main] INFO  o.s.boot.tomcat.TomcatWebServer - Tomcat started on port 8080 (http) with context path '/'
10:09:26.491 [main] INFO  c.b.p.ProfitlenseApplication - Started ProfitlenseApplication in 5.36 seconds (process running for 5.564)
10:09:26.533 [main] INFO  c.b.profitlense.DataLoaderRunner - ProfitLense application started
10:09:26.533 [main] INFO  c.b.profitlense.DataLoaderRunner - Found data.csv, attempting data load...
10:09:26.660 [main] INFO  c.b.p.service.DataLoaderService - Starting data load from CSV: data.csv
10:09:26.832 [main] INFO  c.b.p.service.DataLoaderService - CSV file found: /home/amir/GitRepos/profitlense/data.csv (size: 43 MB)
10:09:26.998 [main] INFO  c.b.p.service.DataLoaderService - Using merchant: Demo Shop Bangladesh (id: 86f713b9-e466-4210-bcfc-3d04fec36849)
10:09:27.004 [main] INFO  c.b.p.service.DataLoaderService - CSV header skipped, starting to read data rows...
10:09:51.772 [main] DEBUG c.b.p.service.DataLoaderService - Created 100 unique products so far...
10:10:16.454 [main] DEBUG c.b.p.service.DataLoaderService - Created 200 unique products so far...
10:10:41.111 [main] DEBUG c.b.p.service.DataLoaderService - Created 300 unique products so far...
10:11:05.760 [main] DEBUG c.b.p.service.DataLoaderService - Created 400 unique products so far...
10:11:30.424 [main] DEBUG c.b.p.service.DataLoaderService - Created 500 unique products so far...
10:12:01.379 [main] DEBUG c.b.p.service.DataLoaderService - Created 600 unique products so far...
10:12:26.136 [main] DEBUG c.b.p.service.DataLoaderService - Created 700 unique products so far...
